2025-10-18 02:07:07.852 [info] Extension host with pid 2508 started
2025-10-18 02:07:07.896 [info] ExtensionService#_doActivateExtension vscode.github-authentication, startup: false, activationEvent: 'onAuthenticationRequest:github'
2025-10-18 02:07:07.914 [info] ExtensionService#_doActivateExtension vscode.emmet, startup: false, activationEvent: 'onLanguage'
2025-10-18 02:07:07.963 [info] ExtensionService#_doActivateExtension vscode.git-base, startup: true, activationEvent: '*', root cause: vscode.git
2025-10-18 02:07:07.969 [info] ExtensionService#_doActivateExtension vscode.git, startup: true, activationEvent: '*'
2025-10-18 02:07:08.000 [info] ExtensionService#_doActivateExtension vscode.github, startup: true, activationEvent: '*'
2025-10-18 02:07:08.081 [info] Eager extensions activated
2025-10-18 02:07:08.104 [info] ExtensionService#_doActivateExtension vscode.debug-auto-launch, startup: false, activationEvent: 'onStartupFinished'
2025-10-18 02:07:08.105 [info] ExtensionService#_doActivateExtension vscode.merge-conflict, startup: false, activationEvent: 'onStartupFinished'
2025-10-18 02:07:08.119 [info] Extension host terminating: renderer closed the MessagePort
2025-10-18 02:07:08.131 [error] ProxyResolver#addCertificatesV1 Canceled: Canceled
	at new MR (file:///home/voktex/Apps/VSCode-linux-x64/resources/app/out/vs/workbench/api/node/extensionHostProcess.js:29:116391)
	at U4.U (file:///home/voktex/Apps/VSCode-linux-x64/resources/app/out/vs/workbench/api/node/extensionHostProcess.js:29:121001)
	at s.<computed>.n.charCodeAt.s.<computed> (file:///home/voktex/Apps/VSCode-linux-x64/resources/app/out/vs/workbench/api/node/extensionHostProcess.js:29:118495)
	at zb.loadCertificates (file:///home/voktex/Apps/VSCode-linux-x64/resources/app/out/vs/workbench/api/node/extensionHostProcess.js:111:75005)
	at Object.loadAdditionalCertificates (file:///home/voktex/Apps/VSCode-linux-x64/resources/app/out/vs/workbench/api/node/extensionHostProcess.js:203:23184)
	at /home/voktex/Apps/VSCode-linux-x64/resources/app/node_modules/@vscode/proxy-agent/out/index.js:804:53
	at Generator.next (<anonymous>)
	at /home/voktex/Apps/VSCode-linux-x64/resources/app/node_modules/@vscode/proxy-agent/out/index.js:35:71
	at new Promise (<anonymous>)
	at __awaiter (/home/voktex/Apps/VSCode-linux-x64/resources/app/node_modules/@vscode/proxy-agent/out/index.js:31:12)
	at /home/voktex/Apps/VSCode-linux-x64/resources/app/node_modules/@vscode/proxy-agent/out/index.js:803:43
	at /home/voktex/Apps/VSCode-linux-x64/resources/app/node_modules/@vscode/proxy-agent/out/index.js:805:16
	at Generator.next (<anonymous>)
	at /home/voktex/Apps/VSCode-linux-x64/resources/app/node_modules/@vscode/proxy-agent/out/index.js:35:71
	at new Promise (<anonymous>)
	at __awaiter (/home/voktex/Apps/VSCode-linux-x64/resources/app/node_modules/@vscode/proxy-agent/out/index.js:31:12)
	at getOrLoadAdditionalCertificates (/home/voktex/Apps/VSCode-linux-x64/resources/app/node_modules/@vscode/proxy-agent/out/index.js:801:12)
	at addCertificatesToOptionsV1 (/home/voktex/Apps/VSCode-linux-x64/resources/app/node_modules/@vscode/proxy-agent/out/index.js:780:9)
	at resolveProxyWithRequest (/home/voktex/Apps/VSCode-linux-x64/resources/app/node_modules/@vscode/proxy-agent/out/index.js:140:9)
	at /home/voktex/Apps/VSCode-linux-x64/resources/app/node_modules/@vscode/proxy-agent/out/index.js:372:77
	at new Promise (<anonymous>)
	at PacProxyAgent.resolveP [as resolver] (/home/voktex/Apps/VSCode-linux-x64/resources/app/node_modules/@vscode/proxy-agent/out/index.js:372:54)
	at PacProxyAgent.<anonymous> (/home/voktex/Apps/VSCode-linux-x64/resources/app/node_modules/@vscode/proxy-agent/out/agent.js:74:37)
	at Generator.next (<anonymous>)
	at /home/voktex/Apps/VSCode-linux-x64/resources/app/node_modules/@vscode/proxy-agent/out/agent.js:8:71
	at new Promise (<anonymous>)
	at __awaiter (/home/voktex/Apps/VSCode-linux-x64/resources/app/node_modules/@vscode/proxy-agent/out/agent.js:4:12)
	at PacProxyAgent.connect (/home/voktex/Apps/VSCode-linux-x64/resources/app/node_modules/@vscode/proxy-agent/out/agent.js:56:16)
	at /home/voktex/Apps/VSCode-linux-x64/resources/app/node_modules/agent-base/dist/index.js:132:30
2025-10-18 02:07:08.131 [info] Extension host with pid 2508 exiting with code 0
